Running php-build composer
WARNING! Your password will be stored unencrypted in /home/runner/.docker/config.json.
Configure a credential helper to remove this warning. See
https://docs.docker.com/engine/reference/commandline/login/#credentials-store

Login Succeeded
Pulling docker.pkg.github.com/cloudflare/cloudflare-wordpress/php-actions_composer_cloudflare-wordpress:php-7.4-build2
php-7.4-build2: Pulling from cloudflare/cloudflare-wordpress/php-actions_composer_cloudflare-wordpress
801bfaa63ef2: Pulling fs layer
30e209609427: Pulling fs layer
320f26ee9b1c: Pulling fs layer
4612e05a72cf: Pulling fs layer
9b2beae78beb: Pulling fs layer
79c03e12047a: Pulling fs layer
51393fef6543: Pulling fs layer
5571c1cd7f43: Pulling fs layer
65564f077fec: Pulling fs layer
4d1e94121e00: Pulling fs layer
4612e05a72cf: Waiting
9b2beae78beb: Waiting
79c03e12047a: Waiting
51393fef6543: Waiting
5571c1cd7f43: Waiting
65564f077fec: Waiting
4d1e94121e00: Waiting
320f26ee9b1c: Verifying Checksum
320f26ee9b1c: Download complete
801bfaa63ef2: Verifying Checksum
801bfaa63ef2: Download complete
30e209609427: Verifying Checksum
30e209609427: Download complete
801bfaa63ef2: Pull complete
4612e05a72cf: Verifying Checksum
4612e05a72cf: Download complete
79c03e12047a: Verifying Checksum
79c03e12047a: Download complete
30e209609427: Pull complete
320f26ee9b1c: Pull complete
9b2beae78beb: Verifying Checksum
9b2beae78beb: Download complete
4612e05a72cf: Pull complete
5571c1cd7f43: Verifying Checksum
5571c1cd7f43: Download complete
51393fef6543: Verifying Checksum
51393fef6543: Download complete
9b2beae78beb: Pull complete
65564f077fec: Verifying Checksum
65564f077fec: Download complete
79c03e12047a: Pull complete
4d1e94121e00: Verifying Checksum
4d1e94121e00: Download complete
51393fef6543: Pull complete
5571c1cd7f43: Pull complete
65564f077fec: Pull complete
4d1e94121e00: Pull complete
Digest: sha256:534c5504188676052b8faad7d8a1d2039b5eb397baa3a7229ff90c6f9b630519
Status: Downloaded newer image for docker.pkg.github.com/cloudflare/cloudflare-wordpress/php-actions_composer_cloudflare-wordpress:php-7.4-build2
docker.pkg.github.com/cloudflare/cloudflare-wordpress/php-actions_composer_cloudflare-wordpress:php-7.4-build2
Docker tag: docker.pkg.github.com/cloudflare/cloudflare-wordpress/php-actions_composer_cloudflare-wordpress:php-7.4-build2
No private keys supplied
Command: composer install --no-dev --no-progress --no-interaction
